<?xml version="1.0" encoding="UTF-8"?>
<!-- Generated by org.testng.reporters.JUnitXMLReporter -->
<testsuite hostname="DESKTOP-0VD773O" name="Default test" tests="4" failures="0" timestamp="9 Aug 2019 01:44:23 GMT" time="20.942" errors="0">
  <testcase name="enterLogin" time="8.125" classname="com.company.selenium.Case.TestCase"/>
  <testcase name="testLogin" time="0.543" classname="com.company.selenium.Case.TestCase"/>
  <testcase name="TestAddShopCar" time="10.127" classname="com.company.selenium.Case.TestCase"/>
  <testcase name="topayMoney" time="2.127" classname="com.company.selenium.Case.TestCase"/>
</testsuite> <!-- Default test -->
