<html xmlns:math="http://exslt.org/math" xmlns:testng="http://testng.org">
   <head>
      <title>TestNG Results</title>
      <meta http-equiv="content-type" content="text/html; charset=utf-8"></meta>
      <meta http-equiv="pragma" content="no-cache"></meta>
      <meta http-equiv="cache-control" content="max-age=0"></meta>
      <meta http-equiv="cache-control" content="no-cache"></meta>
      <meta http-equiv="cache-control" content="no-store"></meta>
      <LINK rel="stylesheet" href="style.css"></LINK>
      <script type="text/javascript" src="main.js"></script>
   </head>
   <body>
      <table width="100%" style="font-size: 16px; margin-bottom: 10px;" cellspacing="1">
         <tr>
            <td width="100%">
               All methods in suite
               
               <b>Suite</b>
            </td>
            <td style="background-color: #FFBBBB; padding: 3px 3px 3px 0;" align="center">
               <div style="width: 50px;">1</div>
            </td>
            <td style="background-color: lightgreen; padding: 3px 3px 3px 0;" align="center">
               <div style="width: 50px;">0</div>
            </td>
            <td style="background-color: #FFFFBB; padding: 3px 3px 3px 0;" align="center">
               <div style="width: 50px;">3</div>
            </td>
            <td align="center" style="background-color: #eaf0f7; padding: 3px 3px 3px 0;">
               <div style="width: 50px;">4</div>
            </td>
            <td align="center"
                style="font-weight: bold; background-color: #eaf0f7; padding: 3px 3px 3px 0;">
               <div style="width: 50px;">0%</div>
            </td>
         </tr>
      </table>
      <div style="width: 200px;">
         <label for="groupMethodsCheckBox" style="font-weight: bold; margin: 0;">
            <input id="groupMethodsCheckBox" type="checkbox" onclick="switchTestMethodsView(this)"></input>
            Group by class
            
         </label>
         <br></br>
         <label for="methodsFilter_ALL" style="font-weight: bold; margin: 0;">
            <input id="methodsFilter_ALL" type="checkbox"
                   onclick="testMethodsFilterChanged(this, 'ALL')"></input>
            All
            
         </label>
      </div>
      <label for="methodsFilter_FAIL" style="margin-left: 20px;">
         <input id="methodsFilter_FAIL" type="checkbox"
                onclick="testMethodsFilterChanged(this, 'FAIL')"
                checked=""></input>
         Failed
         
      </label>
      <label for="methodsFilter_PASS">
         <input id="methodsFilter_PASS" type="checkbox"
                onclick="testMethodsFilterChanged(this, 'PASS')"
                checked=""></input>
         Passed
         
      </label>
      <label for="methodsFilter_SKIP">
         <input id="methodsFilter_SKIP" type="checkbox"
                onclick="testMethodsFilterChanged(this, 'SKIP')"
                checked=""></input>
         Skipped
         
      </label>
      <label for="methodsFilter_CONF">
         <input id="methodsFilter_CONF" type="checkbox"
                onclick="testMethodsFilterChanged(this, 'CONF')"></input>
         Config
         
      </label>
      <br></br>
      <div id="testMethodsByStatus">
         <table class="testMethodsTable" cellpadding="0" cellspacing="0">
            <tr class="methodsTableHeader">
               <td width="100%">Name</td>
               <td nowrap="true">Started</td>
               <td nowrap="true">Duration</td>
               <td>Exception</td>
            </tr>
            <tr id="com.company.selenium.Case.TestCase_enterLogin_byStatus_failed_FAIL1_row"
                class="testMethodStatusFAIL">
               <td width="100%" class="firstMethodCell">
                  <a onclick="toggleDetailsVisibility('com.company.selenium.Case.TestCase_enterLogin_byStatus_failed_FAIL1_details')">enterLogin()</a>
               </td>
               <td nowrap="true">03:27:47</td>
               <td nowrap="true" align="right">2s
                  
               </td>
               <td nowrap="true">
                  <a onclick="toggleDetailsVisibility('com.company.selenium.Case.TestCase_enterLogin_byStatus_failed_FAIL1_exception')">org.openqa.selenium.WebDriverException: 
                     Failed to decode response from marionette
                     Build info: version: '3.4.0', revision: 'unknown', time: 'unknown'
                     System info: host: 'DESKTOP-0VD773O', ip: '192.168.88.1', os.name: 'Windows 10', os.arch: 'x86', os.version: '10.0', java.version:
                     '1.8.0_91'
                     Driver info: org.openqa.selenium.firefox.FirefoxDriver
                     Capabilities [{rotatable=false, raisesAccessibilityExceptions=false, appBuildId=20160623154057, version=47.0.1, platform=XP,
                     proxy=Proxy(), command_id=1.0, specificationLevel=0.0, firefox_binary=E:/Soft/firefox.exe, acceptSslCerts=false, browserVersion=47.0.1,
                     platformVersion=10.0, XULappId={ec8030f7-c20a-464f-9b0e-13a3a9e97384}, browserName=Firefox, takesScreenshot=true, takesElementScreenshot=true,
                     javascriptEnabled=true, platformName=Windows_NT, device=desktop}]
                     Session ID: 722d51a2-b0bc-4a35-8d6a-0a31494160ac
                     
                  </a>
                   
                  
               </td>
            </tr>
            <tr>
               <td colspan="4" class="detailsBox">
                  <div id="com.company.selenium.Case.TestCase_enterLogin_byStatus_failed_FAIL1_details"
                       class="testMethodDetails">
                     <div>
                        <b>Name: </b>enterLogin
                     </div>
                     <div>
                        <b>Signature: </b>enterLogin()[pri:0, instance:com.company.selenium.Case.TestCase@af26ee]
                     </div>
                     <div>
                        <b>Start time: </b>03:27:47
                     </div>
                     <div>
                        <b>End time: </b>03:27:50
                     </div>
                     <div>
                        <b>Duration: </b>2s
                        
                     </div>
                  </div>
               </td>
            </tr>
            <tr>
               <td colspan="4" class="detailsBox">
                  <div id="com.company.selenium.Case.TestCase_enterLogin_byStatus_failed_FAIL1_exception"
                       class="testMethodDetails">
                     <pre style="padding: 5px; margin: 0;">org.openqa.selenium.WebDriverException: Failed to decode response from marionette
                        Build info: version: '3.4.0', revision: 'unknown', time: 'unknown'
                        System info: host: 'DESKTOP-0VD773O', ip: '192.168.88.1', os.name: 'Windows 10', os.arch: 'x86', os.version: '10.0', java.version:
                        '1.8.0_91'
                        Driver info: org.openqa.selenium.firefox.FirefoxDriver
                        Capabilities [{rotatable=false, raisesAccessibilityExceptions=false, appBuildId=20160623154057, version=47.0.1, platform=XP,
                        proxy=Proxy(), command_id=1.0, specificationLevel=0.0, firefox_binary=E:/Soft/firefox.exe, acceptSslCerts=false, browserVersion=47.0.1,
                        platformVersion=10.0, XULappId={ec8030f7-c20a-464f-9b0e-13a3a9e97384}, browserName=Firefox, takesScreenshot=true, takesElementScreenshot=true,
                        javascriptEnabled=true, platformName=Windows_NT, device=desktop}]
                        Session ID: 722d51a2-b0bc-4a35-8d6a-0a31494160ac
                        	at sun.reflect.NativeConstructorAccessorImpl.newInstance0(Native Method)
                        	at sun.reflect.NativeConstructorAccessorImpl.newInstance(NativeConstructorAccessorImpl.java:62)
                        	at sun.reflect.DelegatingConstructorAccessorImpl.newInstance(DelegatingConstructorAccessorImpl.java:45)
                        	at java.lang.reflect.Constructor.newInstance(Constructor.java:423)
                        	at org.openqa.selenium.remote.http.W3CHttpResponseCodec.createException(W3CHttpResponseCodec.java:150)
                        	at org.openqa.selenium.remote.http.W3CHttpResponseCodec.decode(W3CHttpResponseCodec.java:115)
                        	at org.openqa.selenium.remote.http.W3CHttpResponseCodec.decode(W3CHttpResponseCodec.java:45)
                        	at org.openqa.selenium.remote.HttpCommandExecutor.execute(HttpCommandExecutor.java:164)
                        	at org.openqa.selenium.remote.service.DriverCommandExecutor.execute(DriverCommandExecutor.java:82)
                        	at org.openqa.selenium.remote.RemoteWebDriver.execute(RemoteWebDriver.java:637)
                        	at org.openqa.selenium.remote.RemoteWebDriver.get(RemoteWebDriver.java:364)
                        	at com.company.selenium.base.DriverBase.get(DriverBase.java:60)
                        	at com.company.selenium.Case.TestCase.enterLogin(TestCase.java:46)
                        	at sun.reflect.NativeMethodAccessorImpl.invoke0(Native Method)
                        	at sun.reflect.NativeMethodAccessorImpl.invoke(NativeMethodAccessorImpl.java:62)
                        	at sun.reflect.DelegatingMethodAccessorImpl.invoke(DelegatingMethodAccessorImpl.java:43)
                        	at java.lang.reflect.Method.invoke(Method.java:498)
                        	at org.testng.internal.MethodInvocationHelper.invokeMethod(MethodInvocationHelper.java:85)
                        	at org.testng.internal.Invoker.invokeMethod(Invoker.java:639)
                        	at org.testng.internal.Invoker.invokeTestMethod(Invoker.java:816)
                        	at org.testng.internal.Invoker.invokeTestMethods(Invoker.java:1124)
                        	at org.testng.internal.TestMethodWorker.invokeTestMethods(TestMethodWorker.java:125)
                        	at org.testng.internal.TestMethodWorker.run(TestMethodWorker.java:108)
                        	at org.testng.TestRunner.privateRun(TestRunner.java:774)
                        	at org.testng.TestRunner.run(TestRunner.java:624)
                        	at org.testng.SuiteRunner.runTest(SuiteRunner.java:359)
                        	at org.testng.SuiteRunner.runSequentially(SuiteRunner.java:354)
                        	at org.testng.SuiteRunner.privateRun(SuiteRunner.java:312)
                        	at org.testng.SuiteRunner.run(SuiteRunner.java:261)
                        	at org.testng.SuiteRunnerWorker.runSuite(SuiteRunnerWorker.java:52)
                        	at org.testng.SuiteRunnerWorker.run(SuiteRunnerWorker.java:86)
                        	at org.testng.TestNG.runSuitesSequentially(TestNG.java:1191)
                        	at org.testng.TestNG.runSuitesLocally(TestNG.java:1116)
                        	at org.testng.TestNG.run(TestNG.java:1024)
                        	at org.testng.remote.RemoteTestNG.run(RemoteTestNG.java:112)
                        	at org.testng.remote.RemoteTestNG.initAndRun(RemoteTestNG.java:205)
                        	at org.testng.remote.RemoteTestNG.main(RemoteTestNG.java:176)
                     </pre>
                  </div>
               </td>
            </tr>
            <tr id="com.company.selenium.Case.TestCase_topayMoney_byStatus_skiped_SKIP1_row"
                class="testMethodStatusSKIP">
               <td width="100%" class="firstMethodCell">
                  <a onclick="toggleDetailsVisibility('com.company.selenium.Case.TestCase_topayMoney_byStatus_skiped_SKIP1_details')">topayMoney()</a>
               </td>
               <td nowrap="true">03:27:50</td>
               <td nowrap="true" align="right">0 ms
                  
               </td>
               <td nowrap="true">
                  <a onclick="toggleDetailsVisibility('com.company.selenium.Case.TestCase_topayMoney_byStatus_skiped_SKIP1_exception')">java.lang.Throwable: 
                     Method TestCase.topayMoney()[pri:0, instance:com.company.selenium.Case.TestCase@af26ee] depends on not successfully finished
                     methods
                     
                  </a>
                   
                  
               </td>
            </tr>
            <tr>
               <td colspan="4" class="detailsBox">
                  <div id="com.company.selenium.Case.TestCase_topayMoney_byStatus_skiped_SKIP1_details"
                       class="testMethodDetails">
                     <div>
                        <b>Name: </b>topayMoney
                     </div>
                     <div>
                        <b>Signature: </b>topayMoney()[pri:0, instance:com.company.selenium.Case.TestCase@af26ee]
                     </div>
                     <div>
                        <b>Start time: </b>03:27:50
                     </div>
                     <div>
                        <b>End time: </b>03:27:50
                     </div>
                     <div>
                        <b>Duration: </b>0 ms
                        
                     </div>
                     <div>
                        <b>Depends on methods:
                           
                        </b>
                        <div>
                               -
                           com.company.selenium.Case.TestCase.TestAddShopCar
                        </div>
                     </div>
                  </div>
               </td>
            </tr>
            <tr>
               <td colspan="4" class="detailsBox">
                  <div id="com.company.selenium.Case.TestCase_topayMoney_byStatus_skiped_SKIP1_exception"
                       class="testMethodDetails">
                     <pre style="padding: 5px; margin: 0;">java.lang.Throwable: Method TestCase.topayMoney()[pri:0, instance:com.company.selenium.Case.TestCase@af26ee] depends on not
                        successfully finished methods
                        	at org.testng.internal.Invoker.invokeTestMethods(Invoker.java:1033)
                        	at org.testng.internal.TestMethodWorker.invokeTestMethods(TestMethodWorker.java:125)
                        	at org.testng.internal.TestMethodWorker.run(TestMethodWorker.java:108)
                        	at org.testng.TestRunner.privateRun(TestRunner.java:774)
                        	at org.testng.TestRunner.run(TestRunner.java:624)
                        	at org.testng.SuiteRunner.runTest(SuiteRunner.java:359)
                        	at org.testng.SuiteRunner.runSequentially(SuiteRunner.java:354)
                        	at org.testng.SuiteRunner.privateRun(SuiteRunner.java:312)
                        	at org.testng.SuiteRunner.run(SuiteRunner.java:261)
                        	at org.testng.SuiteRunnerWorker.runSuite(SuiteRunnerWorker.java:52)
                        	at org.testng.SuiteRunnerWorker.run(SuiteRunnerWorker.java:86)
                        	at org.testng.TestNG.runSuitesSequentially(TestNG.java:1191)
                        	at org.testng.TestNG.runSuitesLocally(TestNG.java:1116)
                        	at org.testng.TestNG.run(TestNG.java:1024)
                        	at org.testng.remote.RemoteTestNG.run(RemoteTestNG.java:112)
                        	at org.testng.remote.RemoteTestNG.initAndRun(RemoteTestNG.java:205)
                        	at org.testng.remote.RemoteTestNG.main(RemoteTestNG.java:176)
                     </pre>
                  </div>
               </td>
            </tr>
            <tr id="com.company.selenium.Case.TestCase_testLogin_byStatus_skiped_SKIP2_row"
                class="testMethodStatusSKIP">
               <td width="100%" class="firstMethodCell">
                  <a onclick="toggleDetailsVisibility('com.company.selenium.Case.TestCase_testLogin_byStatus_skiped_SKIP2_details')">testLogin()</a>
               </td>
               <td nowrap="true">03:27:50</td>
               <td nowrap="true" align="right">0 ms
                  
               </td>
               <td nowrap="true">
                  <a onclick="toggleDetailsVisibility('com.company.selenium.Case.TestCase_testLogin_byStatus_skiped_SKIP2_exception')">java.lang.Throwable: 
                     Method TestCase.testLogin(java.lang.String, java.lang.String)[pri:0, instance:com.company.selenium.Case.TestCase@af26ee] depends
                     on not successfully finished methods
                     
                  </a>
                   
                  
               </td>
            </tr>
            <tr>
               <td colspan="4" class="detailsBox">
                  <div id="com.company.selenium.Case.TestCase_testLogin_byStatus_skiped_SKIP2_details"
                       class="testMethodDetails">
                     <div>
                        <b>Name: </b>testLogin
                     </div>
                     <div>
                        <b>Signature: </b>testLogin(java.lang.String, java.lang.String)[pri:0, instance:com.company.selenium.Case.TestCase@af26ee]
                     </div>
                     <div>
                        <b>Start time: </b>03:27:50
                     </div>
                     <div>
                        <b>End time: </b>03:27:50
                     </div>
                     <div>
                        <b>Duration: </b>0 ms
                        
                     </div>
                     <div>
                        <b>Depends on methods:
                           
                        </b>
                        <div>
                               -
                           com.company.selenium.Case.TestCase.enterLogin
                        </div>
                     </div>
                  </div>
               </td>
            </tr>
            <tr>
               <td colspan="4" class="detailsBox">
                  <div id="com.company.selenium.Case.TestCase_testLogin_byStatus_skiped_SKIP2_exception"
                       class="testMethodDetails">
                     <pre style="padding: 5px; margin: 0;">java.lang.Throwable: Method TestCase.testLogin(java.lang.String, java.lang.String)[pri:0, instance:com.company.selenium.Case.TestCase@af26ee]
                        depends on not successfully finished methods
                        	at org.testng.internal.Invoker.invokeTestMethods(Invoker.java:1033)
                        	at org.testng.internal.TestMethodWorker.invokeTestMethods(TestMethodWorker.java:125)
                        	at org.testng.internal.TestMethodWorker.run(TestMethodWorker.java:108)
                        	at org.testng.TestRunner.privateRun(TestRunner.java:774)
                        	at org.testng.TestRunner.run(TestRunner.java:624)
                        	at org.testng.SuiteRunner.runTest(SuiteRunner.java:359)
                        	at org.testng.SuiteRunner.runSequentially(SuiteRunner.java:354)
                        	at org.testng.SuiteRunner.privateRun(SuiteRunner.java:312)
                        	at org.testng.SuiteRunner.run(SuiteRunner.java:261)
                        	at org.testng.SuiteRunnerWorker.runSuite(SuiteRunnerWorker.java:52)
                        	at org.testng.SuiteRunnerWorker.run(SuiteRunnerWorker.java:86)
                        	at org.testng.TestNG.runSuitesSequentially(TestNG.java:1191)
                        	at org.testng.TestNG.runSuitesLocally(TestNG.java:1116)
                        	at org.testng.TestNG.run(TestNG.java:1024)
                        	at org.testng.remote.RemoteTestNG.run(RemoteTestNG.java:112)
                        	at org.testng.remote.RemoteTestNG.initAndRun(RemoteTestNG.java:205)
                        	at org.testng.remote.RemoteTestNG.main(RemoteTestNG.java:176)
                     </pre>
                  </div>
               </td>
            </tr>
            <tr id="com.company.selenium.Case.TestCase_TestAddShopCar_byStatus_skiped_SKIP3_row"
                class="testMethodStatusSKIP">
               <td width="100%" class="firstMethodCell">
                  <a onclick="toggleDetailsVisibility('com.company.selenium.Case.TestCase_TestAddShopCar_byStatus_skiped_SKIP3_details')">TestAddShopCar()</a>
               </td>
               <td nowrap="true">03:27:50</td>
               <td nowrap="true" align="right">0 ms
                  
               </td>
               <td nowrap="true">
                  <a onclick="toggleDetailsVisibility('com.company.selenium.Case.TestCase_TestAddShopCar_byStatus_skiped_SKIP3_exception')">java.lang.Throwable: 
                     Method TestCase.TestAddShopCar()[pri:0, instance:com.company.selenium.Case.TestCase@af26ee] depends on not successfully finished
                     methods
                     
                  </a>
                   
                  
               </td>
            </tr>
            <tr>
               <td colspan="4" class="detailsBox">
                  <div id="com.company.selenium.Case.TestCase_TestAddShopCar_byStatus_skiped_SKIP3_details"
                       class="testMethodDetails">
                     <div>
                        <b>Name: </b>TestAddShopCar
                     </div>
                     <div>
                        <b>Signature: </b>TestAddShopCar()[pri:0, instance:com.company.selenium.Case.TestCase@af26ee]
                     </div>
                     <div>
                        <b>Start time: </b>03:27:50
                     </div>
                     <div>
                        <b>End time: </b>03:27:50
                     </div>
                     <div>
                        <b>Duration: </b>0 ms
                        
                     </div>
                     <div>
                        <b>Depends on methods:
                           
                        </b>
                        <div>
                               -
                           com.company.selenium.Case.TestCase.testLogin
                        </div>
                     </div>
                  </div>
               </td>
            </tr>
            <tr>
               <td colspan="4" class="detailsBox">
                  <div id="com.company.selenium.Case.TestCase_TestAddShopCar_byStatus_skiped_SKIP3_exception"
                       class="testMethodDetails">
                     <pre style="padding: 5px; margin: 0;">java.lang.Throwable: Method TestCase.TestAddShopCar()[pri:0, instance:com.company.selenium.Case.TestCase@af26ee] depends on
                        not successfully finished methods
                        	at org.testng.internal.Invoker.invokeTestMethods(Invoker.java:1033)
                        	at org.testng.internal.TestMethodWorker.invokeTestMethods(TestMethodWorker.java:125)
                        	at org.testng.internal.TestMethodWorker.run(TestMethodWorker.java:108)
                        	at org.testng.TestRunner.privateRun(TestRunner.java:774)
                        	at org.testng.TestRunner.run(TestRunner.java:624)
                        	at org.testng.SuiteRunner.runTest(SuiteRunner.java:359)
                        	at org.testng.SuiteRunner.runSequentially(SuiteRunner.java:354)
                        	at org.testng.SuiteRunner.privateRun(SuiteRunner.java:312)
                        	at org.testng.SuiteRunner.run(SuiteRunner.java:261)
                        	at org.testng.SuiteRunnerWorker.runSuite(SuiteRunnerWorker.java:52)
                        	at org.testng.SuiteRunnerWorker.run(SuiteRunnerWorker.java:86)
                        	at org.testng.TestNG.runSuitesSequentially(TestNG.java:1191)
                        	at org.testng.TestNG.runSuitesLocally(TestNG.java:1116)
                        	at org.testng.TestNG.run(TestNG.java:1024)
                        	at org.testng.remote.RemoteTestNG.run(RemoteTestNG.java:112)
                        	at org.testng.remote.RemoteTestNG.initAndRun(RemoteTestNG.java:205)
                        	at org.testng.remote.RemoteTestNG.main(RemoteTestNG.java:176)
                     </pre>
                  </div>
               </td>
            </tr>
         </table>
      </div>
      <div id="testMethodsByClass" style="display: none;">
         <table class="testMethodsTable" cellpadding="0" cellspacing="0">
            <tr>
               <td colspan="4">
                  <h3 style="display: inline;">com.company.selenium.Case.TestCase</h3>
               </td>
            </tr>
            <tr class="methodsTableHeader">
               <td width="100%">Name</td>
               <td nowrap="true">Started</td>
               <td nowrap="true">Duration</td>
               <td>Exception</td>
            </tr>
            <tr id="com.company.selenium.Case.TestCase_enterLogin_byClass_FAIL1_row"
                class="testMethodStatusFAIL">
               <td width="100%" class="firstMethodCell">
                  <a onclick="toggleDetailsVisibility('com.company.selenium.Case.TestCase_enterLogin_byClass_FAIL1_details')">enterLogin()</a>
               </td>
               <td nowrap="true">03:27:47</td>
               <td nowrap="true" align="right">2s
                  
               </td>
               <td nowrap="true">
                  <a onclick="toggleDetailsVisibility('com.company.selenium.Case.TestCase_enterLogin_byClass_FAIL1_exception')">org.openqa.selenium.WebDriverException: 
                     Failed to decode response from marionette
                     Build info: version: '3.4.0', revision: 'unknown', time: 'unknown'
                     System info: host: 'DESKTOP-0VD773O', ip: '192.168.88.1', os.name: 'Windows 10', os.arch: 'x86', os.version: '10.0', java.version:
                     '1.8.0_91'
                     Driver info: org.openqa.selenium.firefox.FirefoxDriver
                     Capabilities [{rotatable=false, raisesAccessibilityExceptions=false, appBuildId=20160623154057, version=47.0.1, platform=XP,
                     proxy=Proxy(), command_id=1.0, specificationLevel=0.0, firefox_binary=E:/Soft/firefox.exe, acceptSslCerts=false, browserVersion=47.0.1,
                     platformVersion=10.0, XULappId={ec8030f7-c20a-464f-9b0e-13a3a9e97384}, browserName=Firefox, takesScreenshot=true, takesElementScreenshot=true,
                     javascriptEnabled=true, platformName=Windows_NT, device=desktop}]
                     Session ID: 722d51a2-b0bc-4a35-8d6a-0a31494160ac
                     
                  </a>
                   
                  
               </td>
            </tr>
            <tr>
               <td colspan="4" class="detailsBox">
                  <div id="com.company.selenium.Case.TestCase_enterLogin_byClass_FAIL1_details"
                       class="testMethodDetails">
                     <div>
                        <b>Name: </b>enterLogin
                     </div>
                     <div>
                        <b>Signature: </b>enterLogin()[pri:0, instance:com.company.selenium.Case.TestCase@af26ee]
                     </div>
                     <div>
                        <b>Start time: </b>03:27:47
                     </div>
                     <div>
                        <b>End time: </b>03:27:50
                     </div>
                     <div>
                        <b>Duration: </b>2s
                        
                     </div>
                  </div>
               </td>
            </tr>
            <tr>
               <td colspan="4" class="detailsBox">
                  <div id="com.company.selenium.Case.TestCase_enterLogin_byClass_FAIL1_exception"
                       class="testMethodDetails">
                     <pre style="padding: 5px; margin: 0;">org.openqa.selenium.WebDriverException: Failed to decode response from marionette
                        Build info: version: '3.4.0', revision: 'unknown', time: 'unknown'
                        System info: host: 'DESKTOP-0VD773O', ip: '192.168.88.1', os.name: 'Windows 10', os.arch: 'x86', os.version: '10.0', java.version:
                        '1.8.0_91'
                        Driver info: org.openqa.selenium.firefox.FirefoxDriver
                        Capabilities [{rotatable=false, raisesAccessibilityExceptions=false, appBuildId=20160623154057, version=47.0.1, platform=XP,
                        proxy=Proxy(), command_id=1.0, specificationLevel=0.0, firefox_binary=E:/Soft/firefox.exe, acceptSslCerts=false, browserVersion=47.0.1,
                        platformVersion=10.0, XULappId={ec8030f7-c20a-464f-9b0e-13a3a9e97384}, browserName=Firefox, takesScreenshot=true, takesElementScreenshot=true,
                        javascriptEnabled=true, platformName=Windows_NT, device=desktop}]
                        Session ID: 722d51a2-b0bc-4a35-8d6a-0a31494160ac
                        	at sun.reflect.NativeConstructorAccessorImpl.newInstance0(Native Method)
                        	at sun.reflect.NativeConstructorAccessorImpl.newInstance(NativeConstructorAccessorImpl.java:62)
                        	at sun.reflect.DelegatingConstructorAccessorImpl.newInstance(DelegatingConstructorAccessorImpl.java:45)
                        	at java.lang.reflect.Constructor.newInstance(Constructor.java:423)
                        	at org.openqa.selenium.remote.http.W3CHttpResponseCodec.createException(W3CHttpResponseCodec.java:150)
                        	at org.openqa.selenium.remote.http.W3CHttpResponseCodec.decode(W3CHttpResponseCodec.java:115)
                        	at org.openqa.selenium.remote.http.W3CHttpResponseCodec.decode(W3CHttpResponseCodec.java:45)
                        	at org.openqa.selenium.remote.HttpCommandExecutor.execute(HttpCommandExecutor.java:164)
                        	at org.openqa.selenium.remote.service.DriverCommandExecutor.execute(DriverCommandExecutor.java:82)
                        	at org.openqa.selenium.remote.RemoteWebDriver.execute(RemoteWebDriver.java:637)
                        	at org.openqa.selenium.remote.RemoteWebDriver.get(RemoteWebDriver.java:364)
                        	at com.company.selenium.base.DriverBase.get(DriverBase.java:60)
                        	at com.company.selenium.Case.TestCase.enterLogin(TestCase.java:46)
                        	at sun.reflect.NativeMethodAccessorImpl.invoke0(Native Method)
                        	at sun.reflect.NativeMethodAccessorImpl.invoke(NativeMethodAccessorImpl.java:62)
                        	at sun.reflect.DelegatingMethodAccessorImpl.invoke(DelegatingMethodAccessorImpl.java:43)
                        	at java.lang.reflect.Method.invoke(Method.java:498)
                        	at org.testng.internal.MethodInvocationHelper.invokeMethod(MethodInvocationHelper.java:85)
                        	at org.testng.internal.Invoker.invokeMethod(Invoker.java:639)
                        	at org.testng.internal.Invoker.invokeTestMethod(Invoker.java:816)
                        	at org.testng.internal.Invoker.invokeTestMethods(Invoker.java:1124)
                        	at org.testng.internal.TestMethodWorker.invokeTestMethods(TestMethodWorker.java:125)
                        	at org.testng.internal.TestMethodWorker.run(TestMethodWorker.java:108)
                        	at org.testng.TestRunner.privateRun(TestRunner.java:774)
                        	at org.testng.TestRunner.run(TestRunner.java:624)
                        	at org.testng.SuiteRunner.runTest(SuiteRunner.java:359)
                        	at org.testng.SuiteRunner.runSequentially(SuiteRunner.java:354)
                        	at org.testng.SuiteRunner.privateRun(SuiteRunner.java:312)
                        	at org.testng.SuiteRunner.run(SuiteRunner.java:261)
                        	at org.testng.SuiteRunnerWorker.runSuite(SuiteRunnerWorker.java:52)
                        	at org.testng.SuiteRunnerWorker.run(SuiteRunnerWorker.java:86)
                        	at org.testng.TestNG.runSuitesSequentially(TestNG.java:1191)
                        	at org.testng.TestNG.runSuitesLocally(TestNG.java:1116)
                        	at org.testng.TestNG.run(TestNG.java:1024)
                        	at org.testng.remote.RemoteTestNG.run(RemoteTestNG.java:112)
                        	at org.testng.remote.RemoteTestNG.initAndRun(RemoteTestNG.java:205)
                        	at org.testng.remote.RemoteTestNG.main(RemoteTestNG.java:176)
                     </pre>
                  </div>
               </td>
            </tr>
            <tr id="com.company.selenium.Case.TestCase_topayMoney_byClass_SKIP2_row"
                class="testMethodStatusSKIP">
               <td width="100%" class="firstMethodCell">
                  <a onclick="toggleDetailsVisibility('com.company.selenium.Case.TestCase_topayMoney_byClass_SKIP2_details')">topayMoney()</a>
               </td>
               <td nowrap="true">03:27:50</td>
               <td nowrap="true" align="right">0 ms
                  
               </td>
               <td nowrap="true">
                  <a onclick="toggleDetailsVisibility('com.company.selenium.Case.TestCase_topayMoney_byClass_SKIP2_exception')">java.lang.Throwable: 
                     Method TestCase.topayMoney()[pri:0, instance:com.company.selenium.Case.TestCase@af26ee] depends on not successfully finished
                     methods
                     
                  </a>
                   
                  
               </td>
            </tr>
            <tr>
               <td colspan="4" class="detailsBox">
                  <div id="com.company.selenium.Case.TestCase_topayMoney_byClass_SKIP2_details"
                       class="testMethodDetails">
                     <div>
                        <b>Name: </b>topayMoney
                     </div>
                     <div>
                        <b>Signature: </b>topayMoney()[pri:0, instance:com.company.selenium.Case.TestCase@af26ee]
                     </div>
                     <div>
                        <b>Start time: </b>03:27:50
                     </div>
                     <div>
                        <b>End time: </b>03:27:50
                     </div>
                     <div>
                        <b>Duration: </b>0 ms
                        
                     </div>
                     <div>
                        <b>Depends on methods:
                           
                        </b>
                        <div>
                               -
                           com.company.selenium.Case.TestCase.TestAddShopCar
                        </div>
                     </div>
                  </div>
               </td>
            </tr>
            <tr>
               <td colspan="4" class="detailsBox">
                  <div id="com.company.selenium.Case.TestCase_topayMoney_byClass_SKIP2_exception"
                       class="testMethodDetails">
                     <pre style="padding: 5px; margin: 0;">java.lang.Throwable: Method TestCase.topayMoney()[pri:0, instance:com.company.selenium.Case.TestCase@af26ee] depends on not
                        successfully finished methods
                        	at org.testng.internal.Invoker.invokeTestMethods(Invoker.java:1033)
                        	at org.testng.internal.TestMethodWorker.invokeTestMethods(TestMethodWorker.java:125)
                        	at org.testng.internal.TestMethodWorker.run(TestMethodWorker.java:108)
                        	at org.testng.TestRunner.privateRun(TestRunner.java:774)
                        	at org.testng.TestRunner.run(TestRunner.java:624)
                        	at org.testng.SuiteRunner.runTest(SuiteRunner.java:359)
                        	at org.testng.SuiteRunner.runSequentially(SuiteRunner.java:354)
                        	at org.testng.SuiteRunner.privateRun(SuiteRunner.java:312)
                        	at org.testng.SuiteRunner.run(SuiteRunner.java:261)
                        	at org.testng.SuiteRunnerWorker.runSuite(SuiteRunnerWorker.java:52)
                        	at org.testng.SuiteRunnerWorker.run(SuiteRunnerWorker.java:86)
                        	at org.testng.TestNG.runSuitesSequentially(TestNG.java:1191)
                        	at org.testng.TestNG.runSuitesLocally(TestNG.java:1116)
                        	at org.testng.TestNG.run(TestNG.java:1024)
                        	at org.testng.remote.RemoteTestNG.run(RemoteTestNG.java:112)
                        	at org.testng.remote.RemoteTestNG.initAndRun(RemoteTestNG.java:205)
                        	at org.testng.remote.RemoteTestNG.main(RemoteTestNG.java:176)
                     </pre>
                  </div>
               </td>
            </tr>
            <tr id="com.company.selenium.Case.TestCase_testLogin_byClass_SKIP3_row"
                class="testMethodStatusSKIP">
               <td width="100%" class="firstMethodCell">
                  <a onclick="toggleDetailsVisibility('com.company.selenium.Case.TestCase_testLogin_byClass_SKIP3_details')">testLogin()</a>
               </td>
               <td nowrap="true">03:27:50</td>
               <td nowrap="true" align="right">0 ms
                  
               </td>
               <td nowrap="true">
                  <a onclick="toggleDetailsVisibility('com.company.selenium.Case.TestCase_testLogin_byClass_SKIP3_exception')">java.lang.Throwable: 
                     Method TestCase.testLogin(java.lang.String, java.lang.String)[pri:0, instance:com.company.selenium.Case.TestCase@af26ee] depends
                     on not successfully finished methods
                     
                  </a>
                   
                  
               </td>
            </tr>
            <tr>
               <td colspan="4" class="detailsBox">
                  <div id="com.company.selenium.Case.TestCase_testLogin_byClass_SKIP3_details"
                       class="testMethodDetails">
                     <div>
                        <b>Name: </b>testLogin
                     </div>
                     <div>
                        <b>Signature: </b>testLogin(java.lang.String, java.lang.String)[pri:0, instance:com.company.selenium.Case.TestCase@af26ee]
                     </div>
                     <div>
                        <b>Start time: </b>03:27:50
                     </div>
                     <div>
                        <b>End time: </b>03:27:50
                     </div>
                     <div>
                        <b>Duration: </b>0 ms
                        
                     </div>
                     <div>
                        <b>Depends on methods:
                           
                        </b>
                        <div>
                               -
                           com.company.selenium.Case.TestCase.enterLogin
                        </div>
                     </div>
                  </div>
               </td>
            </tr>
            <tr>
               <td colspan="4" class="detailsBox">
                  <div id="com.company.selenium.Case.TestCase_testLogin_byClass_SKIP3_exception"
                       class="testMethodDetails">
                     <pre style="padding: 5px; margin: 0;">java.lang.Throwable: Method TestCase.testLogin(java.lang.String, java.lang.String)[pri:0, instance:com.company.selenium.Case.TestCase@af26ee]
                        depends on not successfully finished methods
                        	at org.testng.internal.Invoker.invokeTestMethods(Invoker.java:1033)
                        	at org.testng.internal.TestMethodWorker.invokeTestMethods(TestMethodWorker.java:125)
                        	at org.testng.internal.TestMethodWorker.run(TestMethodWorker.java:108)
                        	at org.testng.TestRunner.privateRun(TestRunner.java:774)
                        	at org.testng.TestRunner.run(TestRunner.java:624)
                        	at org.testng.SuiteRunner.runTest(SuiteRunner.java:359)
                        	at org.testng.SuiteRunner.runSequentially(SuiteRunner.java:354)
                        	at org.testng.SuiteRunner.privateRun(SuiteRunner.java:312)
                        	at org.testng.SuiteRunner.run(SuiteRunner.java:261)
                        	at org.testng.SuiteRunnerWorker.runSuite(SuiteRunnerWorker.java:52)
                        	at org.testng.SuiteRunnerWorker.run(SuiteRunnerWorker.java:86)
                        	at org.testng.TestNG.runSuitesSequentially(TestNG.java:1191)
                        	at org.testng.TestNG.runSuitesLocally(TestNG.java:1116)
                        	at org.testng.TestNG.run(TestNG.java:1024)
                        	at org.testng.remote.RemoteTestNG.run(RemoteTestNG.java:112)
                        	at org.testng.remote.RemoteTestNG.initAndRun(RemoteTestNG.java:205)
                        	at org.testng.remote.RemoteTestNG.main(RemoteTestNG.java:176)
                     </pre>
                  </div>
               </td>
            </tr>
            <tr id="com.company.selenium.Case.TestCase_TestAddShopCar_byClass_SKIP4_row"
                class="testMethodStatusSKIP">
               <td width="100%" class="firstMethodCell">
                  <a onclick="toggleDetailsVisibility('com.company.selenium.Case.TestCase_TestAddShopCar_byClass_SKIP4_details')">TestAddShopCar()</a>
               </td>
               <td nowrap="true">03:27:50</td>
               <td nowrap="true" align="right">0 ms
                  
               </td>
               <td nowrap="true">
                  <a onclick="toggleDetailsVisibility('com.company.selenium.Case.TestCase_TestAddShopCar_byClass_SKIP4_exception')">java.lang.Throwable: 
                     Method TestCase.TestAddShopCar()[pri:0, instance:com.company.selenium.Case.TestCase@af26ee] depends on not successfully finished
                     methods
                     
                  </a>
                   
                  
               </td>
            </tr>
            <tr>
               <td colspan="4" class="detailsBox">
                  <div id="com.company.selenium.Case.TestCase_TestAddShopCar_byClass_SKIP4_details"
                       class="testMethodDetails">
                     <div>
                        <b>Name: </b>TestAddShopCar
                     </div>
                     <div>
                        <b>Signature: </b>TestAddShopCar()[pri:0, instance:com.company.selenium.Case.TestCase@af26ee]
                     </div>
                     <div>
                        <b>Start time: </b>03:27:50
                     </div>
                     <div>
                        <b>End time: </b>03:27:50
                     </div>
                     <div>
                        <b>Duration: </b>0 ms
                        
                     </div>
                     <div>
                        <b>Depends on methods:
                           
                        </b>
                        <div>
                               -
                           com.company.selenium.Case.TestCase.testLogin
                        </div>
                     </div>
                  </div>
               </td>
            </tr>
            <tr>
               <td colspan="4" class="detailsBox">
                  <div id="com.company.selenium.Case.TestCase_TestAddShopCar_byClass_SKIP4_exception"
                       class="testMethodDetails">
                     <pre style="padding: 5px; margin: 0;">java.lang.Throwable: Method TestCase.TestAddShopCar()[pri:0, instance:com.company.selenium.Case.TestCase@af26ee] depends on
                        not successfully finished methods
                        	at org.testng.internal.Invoker.invokeTestMethods(Invoker.java:1033)
                        	at org.testng.internal.TestMethodWorker.invokeTestMethods(TestMethodWorker.java:125)
                        	at org.testng.internal.TestMethodWorker.run(TestMethodWorker.java:108)
                        	at org.testng.TestRunner.privateRun(TestRunner.java:774)
                        	at org.testng.TestRunner.run(TestRunner.java:624)
                        	at org.testng.SuiteRunner.runTest(SuiteRunner.java:359)
                        	at org.testng.SuiteRunner.runSequentially(SuiteRunner.java:354)
                        	at org.testng.SuiteRunner.privateRun(SuiteRunner.java:312)
                        	at org.testng.SuiteRunner.run(SuiteRunner.java:261)
                        	at org.testng.SuiteRunnerWorker.runSuite(SuiteRunnerWorker.java:52)
                        	at org.testng.SuiteRunnerWorker.run(SuiteRunnerWorker.java:86)
                        	at org.testng.TestNG.runSuitesSequentially(TestNG.java:1191)
                        	at org.testng.TestNG.runSuitesLocally(TestNG.java:1116)
                        	at org.testng.TestNG.run(TestNG.java:1024)
                        	at org.testng.remote.RemoteTestNG.run(RemoteTestNG.java:112)
                        	at org.testng.remote.RemoteTestNG.initAndRun(RemoteTestNG.java:205)
                        	at org.testng.remote.RemoteTestNG.main(RemoteTestNG.java:176)
                     </pre>
                  </div>
               </td>
            </tr>
         </table>
         <br></br>
      </div>
      <div style="margin-top: 15px; color: gray; text-align: center; font-size: 9px;">
         Generated with
         
         <a href="http://code.google.com/p/testng-xslt/" style="color: #8888aa;"
            target="_blank">
            TestNG XSLT
            
         </a>
      </div>
   </body>
</html>