<?xml version="1.0" encoding="UTF-8"?>
<!-- Generated by org.testng.reporters.JUnitXMLReporter -->
<testsuite hostname="DESKTOP-0VD773O" name="Test" tests="4" failures="0" timestamp="10 Aug 2019 16:15:47 GMT" time="25.879" errors="0">
  <testcase name="enterLogin" time="6.44" classname="com.company.selenium.Case.TestCase"/>
  <testcase name="testLogin" time="0.526" classname="com.company.selenium.Case.TestCase"/>
  <testcase name="TestAddShopCar" time="16.772" classname="com.company.selenium.Case.TestCase"/>
  <testcase name="topayMoney" time="2.118" classname="com.company.selenium.Case.TestCase"/>
</testsuite> <!-- Test -->
