<?xml version="1.0" encoding="UTF-8"?>
<!-- Generated by org.testng.reporters.JUnitXMLReporter -->
<testsuite hostname="DESKTOP-0VD773O" name="Test1" tests="4" failures="1" timestamp="10 Aug 2019 19:27:50 GMT" time="2.916" errors="0">
  <testcase name="enterLogin" time="2.896" classname="com.company.selenium.Case.TestCase">
    <failure type="org.openqa.selenium.WebDriverException" message="Failed to decode response from marionette
Build info: version: &amp;apos;3.4.0&amp;apos;, revision: &amp;apos;unknown&amp;apos;, time: &amp;apos;unknown&amp;apos;
System info: host: &amp;apos;DESKTOP-0VD773O&amp;apos;, ip: &amp;apos;192.168.88.1&amp;apos;, os.name: &amp;apos;Windows 10&amp;apos;, os.arch: &amp;apos;x86&amp;apos;, os.version: &amp;apos;10.0&amp;apos;, java.version: &amp;apos;1.8.0_91&amp;apos;
Driver info: org.openqa.selenium.firefox.FirefoxDriver
Capabilities [{rotatable=false, raisesAccessibilityExceptions=false, appBuildId=20160623154057, version=47.0.1, platform=XP, proxy=Proxy(), command_id=1.0, specificationLevel=0.0, firefox_binary=E:/Soft/firefox.exe, acceptSslCerts=false, browserVersion=47.0.1, platformVersion=10.0, XULappId={ec8030f7-c20a-464f-9b0e-13a3a9e97384}, browserName=Firefox, takesScreenshot=true, takesElementScreenshot=true, javascriptEnabled=true, platformName=Windows_NT, device=desktop}]
Session ID: 722d51a2-b0bc-4a35-8d6a-0a31494160ac">
      <![CDATA[org.openqa.selenium.WebDriverException: Failed to decode response from marionette
Build info: version: '3.4.0', revision: 'unknown', time: 'unknown'
System info: host: 'DESKTOP-0VD773O', ip: '192.168.88.1', os.name: 'Windows 10', os.arch: 'x86', os.version: '10.0', java.version: '1.8.0_91'
Driver info: org.openqa.selenium.firefox.FirefoxDriver
Capabilities [{rotatable=false, raisesAccessibilityExceptions=false, appBuildId=20160623154057, version=47.0.1, platform=XP, proxy=Proxy(), command_id=1.0, specificationLevel=0.0, firefox_binary=E:/Soft/firefox.exe, acceptSslCerts=false, browserVersion=47.0.1, platformVersion=10.0, XULappId={ec8030f7-c20a-464f-9b0e-13a3a9e97384}, browserName=Firefox, takesScreenshot=true, takesElementScreenshot=true, javascriptEnabled=true, platformName=Windows_NT, device=desktop}]
Session ID: 722d51a2-b0bc-4a35-8d6a-0a31494160ac
	at org.openqa.selenium.remote.http.W3CHttpResponseCodec.createException(W3CHttpResponseCodec.java:150)
	at org.openqa.selenium.remote.http.W3CHttpResponseCodec.decode(W3CHttpResponseCodec.java:115)
	at org.openqa.selenium.remote.http.W3CHttpResponseCodec.decode(W3CHttpResponseCodec.java:45)
	at org.openqa.selenium.remote.HttpCommandExecutor.execute(HttpCommandExecutor.java:164)
	at org.openqa.selenium.remote.service.DriverCommandExecutor.execute(DriverCommandExecutor.java:82)
	at org.openqa.selenium.remote.RemoteWebDriver.execute(RemoteWebDriver.java:637)
	at org.openqa.selenium.remote.RemoteWebDriver.get(RemoteWebDriver.java:364)
	at com.company.selenium.base.DriverBase.get(DriverBase.java:60)
	at com.company.selenium.Case.TestCase.enterLogin(TestCase.java:46)
... Removed 28 stack frames]]>
    </failure>
  </testcase> <!-- enterLogin -->
  <testcase name="testLogin" time="0.0" classname="com.company.selenium.Case.TestCase">
    <skipped/>
  </testcase> <!-- testLogin -->
  <testcase name="TestAddShopCar" time="0.0" classname="com.company.selenium.Case.TestCase">
    <skipped/>
  </testcase> <!-- TestAddShopCar -->
  <testcase name="topayMoney" time="0.0" classname="com.company.selenium.Case.TestCase">
    <skipped/>
  </testcase> <!-- topayMoney -->
</testsuite> <!-- Test1 -->
