<?xml version="1.0" encoding="UTF-8"?>
<!-- Generated by org.testng.reporters.JUnitXMLReporter -->
<testsuite hostname="DESKTOP-0VD773O" name="Test2" tests="1" failures="1" timestamp="10 Aug 2019 16:36:01 GMT" time="8.594" errors="0">
  <testcase name="courseList" time="8.59" classname="com.company.selenium.Case.TestCourseList">
    <failure type="java.lang.ArrayIndexOutOfBoundsException" message="1">
      <![CDATA[java.lang.ArrayIndexOutOfBoundsException: 1
	at com.company.selenium.base.DriverBase.byStr(DriverBase.java:114)
	at com.company.selenium.base.DriverBase.courseList(DriverBase.java:142)
	at com.company.selenium.Case.TestCourseList.courseList(TestCourseList.java:33)
... Removed 24 stack frames]]>
    </failure>
  </testcase> <!-- courseList -->
</testsuite> <!-- Test2 -->
